#
# There is insufficient memory for the Java Runtime Environment to continue.
# Native memory allocation (mmap) failed to map 27262976 bytes for Failed to commit area from 0x000000008a400000 to 0x000000008be00000 of length 27262976.
# Possible reasons:
#   The system is out of physical RAM or swap space
#   The process is running with CompressedOops enabled, and the Java Heap may be blocking the growth of the native heap
# Possible solutions:
#   Reduce memory load on the system
#   Increase physical memory or swap space
#   Check if swap backing store is full
#   Decrease Java heap size (-Xmx/-Xms)
#   Decrease number of Java threads
#   Decrease Java thread stack sizes (-Xss)
#   Set larger code cache with -XX:ReservedCodeCacheSize=
#   JVM is running with Unscaled Compressed Oops mode in which the Java heap is
#     placed in the first 4GB address space. The Java Heap base address is the
#     maximum limit for the native heap growth. Please use -XX:HeapBaseMinAddress
#     to set the Java Heap base and to place the Java Heap above 4GB virtual address.
# This output file may be truncated or incomplete.
#
#  Out of Memory Error (./src/hotspot/os/windows/os_windows.cpp:3301), pid=5032, tid=1344
#
# JRE version: OpenJDK Runtime Environment (11.0.11+9) (build 11.0.11+9-b60-7590822)
# Java VM: OpenJDK 64-Bit Server VM (11.0.11+9-b60-7590822, mixed mode, tiered, compressed oops, g1 gc, windows-amd64)
# No core dump will be written. Minidumps are not enabled by default on client versions of Windows
#

---------------  S U M M A R Y ------------

Command Line: org.jetbrains.kotlin.cli.jvm.K2JVMCompiler @C:\Users\Julia\AndroidStudioProjects\AndroidLabs\lab2continuewatch\build\20220412_7120402297064076617.compiler.options

Host: Intel(R) Core(TM) i5-8265U CPU @ 1.60GHz, 8 cores, 7G,  Windows 10 , 64 bit Build 17763 (10.0.17763.1339)
Time: Tue Apr 12 21:34:05 2022 RTZ 2 (ceia) elapsed time: 6.447596 seconds (0d 0h 0m 6s)

---------------  T H R E A D  ---------------

Current thread (0x000001709be50000):  VMThread "VM Thread" [stack: 0x0000004a00f00000,0x0000004a01000000] [id=1344]

Stack: [0x0000004a00f00000,0x0000004a01000000]
[error occurred during error reporting (printing stack bounds), id 0xc0000005, EXCEPTION_ACCESS_VIOLATION (0xc0000005) at pc=0x0000017084e50f2d]

Native frames: (J=compiled Java code, j=interpreted, Vv=VM code, C=native code)
V  [jvm.dll+0x5f214a]
V  [jvm.dll+0x726fb5]
V  [jvm.dll+0x7285cd]
V  [jvm.dll+0x728be5]
V  [jvm.dll+0x728b9b]
V  [jvm.dll+0x5f14e8]
V  [jvm.dll+0x5f1c78]
C  [ntdll.dll+0xa479f]
C  [ntdll.dll+0x4bef]
C  [ntdll.dll+0xa350e]
C  0x0000017084e50f2d

VM_Operation (0x0000004a009fa5f0): G1CollectForAllocation, mode: safepoint, requested by thread 0x00000170ff945000


---------------  P R O C E S S  ---------------

Threads class SMR info:
_java_thread_list=0x000001709c874500, length=10, elements={
0x00000170ff945000, 0x000001709be75000, 0x000001709be86800, 0x000001709c6e5000,
0x000001709c6e6000, 0x000001709c6e7800, 0x000001709c6ec800, 0x000001709c6f3000,
0x000001709c6fc800, 0x000001709c86b800
}

Java Threads: ( => current thread )
  0x00000170ff945000 JavaThread "main" [_thread_blocked, id=1844, stack(0x0000004a00900000,0x0000004a00a00000)]
  0x000001709be75000 JavaThread "Reference Handler" daemon [_thread_blocked, id=2556, stack(0x0000004a01000000,0x0000004a01100000)]
  0x000001709be86800 JavaThread "Finalizer" daemon [_thread_blocked, id=9672, stack(0x0000004a01100000,0x0000004a01200000)]
  0x000001709c6e5000 JavaThread "Signal Dispatcher" daemon [_thread_blocked, id=7740, stack(0x0000004a01200000,0x0000004a01300000)]
  0x000001709c6e6000 JavaThread "Attach Listener" daemon [_thread_blocked, id=7360, stack(0x0000004a01300000,0x0000004a01400000)]
  0x000001709c6e7800 JavaThread "Service Thread" daemon [_thread_blocked, id=10232, stack(0x0000004a01400000,0x0000004a01500000)]
  0x000001709c6ec800 JavaThread "C2 CompilerThread0" daemon [_thread_in_native, id=7744, stack(0x0000004a01500000,0x0000004a01600000)]
  0x000001709c6f3000 JavaThread "C1 CompilerThread0" daemon [_thread_blocked, id=8276, stack(0x0000004a01600000,0x0000004a01700000)]
  0x000001709c6fc800 JavaThread "Sweeper thread" daemon [_thread_blocked, id=10396, stack(0x0000004a01700000,0x0000004a01800000)]
  0x000001709c86b800 JavaThread "Common-Cleaner" daemon [_thread_blocked, id=9260, stack(0x0000004a01900000,0x0000004a01a00000)]

Other Threads:
=>0x000001709be50000 VMThread "VM Thread" [stack: 0x0000004a00f00000,0x0000004a01000000] [id=1344]
  0x000001709c867000 WatcherThread [stack: 0x0000004a01800000,0x0000004a01900000] [id=2860]
  0x00000170ff95b800 GCTaskThread "GC Thread#0" [stack: 0x0000004a00a00000,0x0000004a00b00000] [id=9820]
  0x000001709cd83000 GCTaskThread "GC Thread#1" [stack: 0x0000004a01a00000,0x0000004a01b00000] [id=548]
  0x000001709cd84000 GCTaskThread "GC Thread#2" [stack: 0x0000004a01b00000,0x0000004a01c00000] [id=8632]
  0x00000170ff98d000 ConcurrentGCThread "G1 Main Marker" [stack: 0x0000004a00b00000,0x0000004a00c00000] [id=9904]
  0x00000170ff98e800 ConcurrentGCThread "G1 Conc#0" [stack: 0x0000004a00c00000,0x0000004a00d00000] [id=11212]
  0x000001709d083000 ConcurrentGCThread "G1 Conc#1" [stack: 0x0000004a01c00000,0x0000004a01d00000] [id=5548]
  0x000001709bcb6800 ConcurrentGCThread "G1 Refine#0" [stack: 0x0000004a00d00000,0x0000004a00e00000] [id=10504]
  0x000001709bcb8000 ConcurrentGCThread "G1 Young RemSet Sampling" [stack: 0x0000004a00e00000,0x0000004a00f00000] [id=11164]

Threads with active compile tasks:
C2 CompilerThread0   6470 2780       4       java.lang.ClassLoader::loadClass (7 bytes)

VM state:at safepoint (normal execution)

VM Mutex/Monitor currently owned by a thread:  ([mutex/lock_event])
[0x00000170ff9397d0] Threads_lock - owner thread: 0x000001709be50000
[0x00000170ff942250] Heap_lock - owner thread: 0x00000170ff945000

Heap address: 0x0000000082600000, size: 2010 MB, Compressed Oops mode: 32-bit
Narrow klass base: 0x0000000000000000, Narrow klass shift: 3
Compressed class space size: 1073741824 Address: 0x0000000100000000

Heap:
 garbage-first heap   total 155648K, used 25742K [0x0000000082600000, 0x0000000100000000)
  region size 1024K, 5 young (5120K), 5 survivors (5120K)
 Metaspace       used 44929K, capacity 45369K, committed 45648K, reserved 1089536K
  class space    used 5411K, capacity 5600K, committed 5632K, reserved 1048576K
Heap Regions: E=young(eden), S=young(survivor), O=old, HS=humongous(starts), HC=humongous(continues), CS=collection set, F=free, A=archive, TAMS=top-at-mark-start (previous, next)
|   0|0x0000000082600000, 0x0000000082700000, 0x0000000082700000|100%|HS|  |TAMS 0x0000000082700000, 0x0000000082600000| Complete 
|   1|0x0000000082700000, 0x0000000082800000, 0x0000000082800000|100%|HC|  |TAMS 0x0000000082800000, 0x0000000082700000| Complete 
|   2|0x0000000082800000, 0x0000000082900000, 0x0000000082900000|100%|HC|  |TAMS 0x0000000082900000, 0x0000000082800000| Complete 
|   3|0x0000000082900000, 0x0000000082a00000, 0x0000000082a00000|100%|HS|  |TAMS 0x0000000082a00000, 0x0000000082900000| Complete 
|   4|0x0000000082a00000, 0x0000000082b00000, 0x0000000082b00000|100%|HC|  |TAMS 0x0000000082b00000, 0x0000000082a00000| Complete 
|   5|0x0000000082b00000, 0x0000000082c00000, 0x0000000082c00000|100%|HC|  |TAMS 0x0000000082c00000, 0x0000000082b00000| Complete 
|   6|0x0000000082c00000, 0x0000000082d00000, 0x0000000082d00000|100%|HS|  |TAMS 0x0000000082d00000, 0x0000000082c00000| Complete 
|   7|0x0000000082d00000, 0x0000000082e00000, 0x0000000082e00000|100%|HC|  |TAMS 0x0000000082e00000, 0x0000000082d00000| Complete 
|   8|0x0000000082e00000, 0x0000000082f00000, 0x0000000082f00000|100%| O|  |TAMS 0x0000000082f00000, 0x0000000082e00000| Untracked 
|   9|0x0000000082f00000, 0x0000000083000000, 0x0000000083000000|100%| O|  |TAMS 0x0000000083000000, 0x0000000082f00000| Untracked 
|  10|0x0000000083000000, 0x0000000083100000, 0x0000000083100000|100%| O|  |TAMS 0x0000000083100000, 0x0000000083000000| Untracked 
|  11|0x0000000083100000, 0x0000000083200000, 0x0000000083200000|100%| O|  |TAMS 0x0000000083200000, 0x0000000083100000| Untracked 
|  12|0x0000000083200000, 0x0000000083300000, 0x0000000083300000|100%| O|  |TAMS 0x0000000083300000, 0x0000000083200000| Untracked 
|  13|0x0000000083300000, 0x0000000083400000, 0x0000000083400000|100%| O|  |TAMS 0x0000000083400000, 0x0000000083300000| Untracked 
|  14|0x0000000083400000, 0x0000000083500000, 0x0000000083500000|100%| O|  |TAMS 0x0000000083500000, 0x0000000083400000| Untracked 
|  15|0x0000000083500000, 0x0000000083600000, 0x0000000083600000|100%| O|  |TAMS 0x0000000083500000, 0x0000000083500000| Untracked 
|  16|0x0000000083600000, 0x0000000083700000, 0x0000000083700000|100%| O|  |TAMS 0x0000000083600000, 0x0000000083600000| Untracked 
|  17|0x0000000083700000, 0x0000000083800000, 0x0000000083800000|100%| O|  |TAMS 0x0000000083700000, 0x0000000083700000| Untracked 
|  18|0x0000000083800000, 0x0000000083900000, 0x0000000083900000|100%| O|  |TAMS 0x0000000083800000, 0x0000000083800000| Untracked 
|  19|0x0000000083900000, 0x0000000083a00000, 0x0000000083a00000|100%| O|  |TAMS 0x0000000083900000, 0x0000000083900000| Untracked 
|  20|0x0000000083a00000, 0x0000000083a23800, 0x0000000083b00000| 13%| O|  |TAMS 0x0000000083a00000, 0x0000000083a00000| Untracked 
|  21|0x0000000083b00000, 0x0000000083b00000, 0x0000000083c00000|  0%| F|  |TAMS 0x0000000083b00000, 0x0000000083b00000| Untracked 
|  22|0x0000000083c00000, 0x0000000083c00000, 0x0000000083d00000|  0%| F|  |TAMS 0x0000000083c00000, 0x0000000083c00000| Untracked 
|  23|0x0000000083d00000, 0x0000000083d00000, 0x0000000083e00000|  0%| F|  |TAMS 0x0000000083d00000, 0x0000000083d00000| Untracked 
|  24|0x0000000083e00000, 0x0000000083e00000, 0x0000000083f00000|  0%| F|  |TAMS 0x0000000083e00000, 0x0000000083e00000| Untracked 
|  25|0x0000000083f00000, 0x0000000083f00000, 0x0000000084000000|  0%| F|  |TAMS 0x0000000083f00000, 0x0000000083f00000| Untracked 
|  26|0x0000000084000000, 0x0000000084000000, 0x0000000084100000|  0%| F|  |TAMS 0x0000000084000000, 0x0000000084000000| Untracked 
|  27|0x0000000084100000, 0x0000000084100000, 0x0000000084200000|  0%| F|  |TAMS 0x0000000084100000, 0x0000000084100000| Untracked 
|  28|0x0000000084200000, 0x0000000084200000, 0x0000000084300000|  0%| F|  |TAMS 0x0000000084200000, 0x0000000084200000| Untracked 
|  29|0x0000000084300000, 0x0000000084300000, 0x0000000084400000|  0%| F|  |TAMS 0x0000000084300000, 0x0000000084300000| Untracked 
|  30|0x0000000084400000, 0x0000000084400000, 0x0000000084500000|  0%| F|  |TAMS 0x0000000084400000, 0x0000000084400000| Untracked 
|  31|0x0000000084500000, 0x0000000084500000, 0x0000000084600000|  0%| F|  |TAMS 0x0000000084500000, 0x0000000084500000| Untracked 
|  32|0x0000000084600000, 0x0000000084600000, 0x0000000084700000|  0%| F|  |TAMS 0x0000000084600000, 0x0000000084600000| Untracked 
|  33|0x0000000084700000, 0x0000000084700000, 0x0000000084800000|  0%| F|  |TAMS 0x0000000084700000, 0x0000000084700000| Untracked 
|  34|0x0000000084800000, 0x0000000084800000, 0x0000000084900000|  0%| F|  |TAMS 0x0000000084800000, 0x0000000084800000| Untracked 
|  35|0x0000000084900000, 0x0000000084900000, 0x0000000084a00000|  0%| F|  |TAMS 0x0000000084900000, 0x0000000084900000| Untracked 
|  36|0x0000000084a00000, 0x0000000084a00000, 0x0000000084b00000|  0%| F|  |TAMS 0x0000000084a00000, 0x0000000084a00000| Untracked 
|  37|0x0000000084b00000, 0x0000000084b00000, 0x0000000084c00000|  0%| F|  |TAMS 0x0000000084b00000, 0x0000000084b00000| Untracked 
|  38|0x0000000084c00000, 0x0000000084c00000, 0x0000000084d00000|  0%| F|  |TAMS 0x0000000084c00000, 0x0000000084c00000| Untracked 
|  39|0x0000000084d00000, 0x0000000084d00000, 0x0000000084e00000|  0%| F|  |TAMS 0x0000000084d00000, 0x0000000084d00000| Untracked 
|  40|0x0000000084e00000, 0x0000000084e00000, 0x0000000084f00000|  0%| F|  |TAMS 0x0000000084e00000, 0x0000000084e00000| Untracked 
|  41|0x0000000084f00000, 0x0000000084f00000, 0x0000000085000000|  0%| F|  |TAMS 0x0000000084f00000, 0x0000000084f00000| Untracked 
|  42|0x0000000085000000, 0x0000000085000000, 0x0000000085100000|  0%| F|  |TAMS 0x0000000085000000, 0x0000000085000000| Untracked 
|  43|0x0000000085100000, 0x0000000085100000, 0x0000000085200000|  0%| F|  |TAMS 0x0000000085100000, 0x0000000085100000| Untracked 
|  44|0x0000000085200000, 0x0000000085200000, 0x0000000085300000|  0%| F|  |TAMS 0x0000000085200000, 0x0000000085200000| Untracked 
|  45|0x0000000085300000, 0x0000000085300000, 0x0000000085400000|  0%| F|  |TAMS 0x0000000085300000, 0x0000000085300000| Untracked 
|  46|0x0000000085400000, 0x0000000085400000, 0x0000000085500000|  0%| F|  |TAMS 0x0000000085400000, 0x0000000085400000| Untracked 
|  47|0x0000000085500000, 0x0000000085500000, 0x0000000085600000|  0%| F|  |TAMS 0x0000000085500000, 0x0000000085500000| Untracked 
|  48|0x0000000085600000, 0x0000000085600000, 0x0000000085700000|  0%| F|  |TAMS 0x0000000085600000, 0x0000000085600000| Untracked 
|  49|0x0000000085700000, 0x0000000085700000, 0x0000000085800000|  0%| F|  |TAMS 0x0000000085700000, 0x0000000085700000| Untracked 
|  50|0x0000000085800000, 0x0000000085800000, 0x0000000085900000|  0%| F|  |TAMS 0x0000000085800000, 0x0000000085800000| Untracked 
|  51|0x0000000085900000, 0x0000000085900000, 0x0000000085a00000|  0%| F|  |TAMS 0x0000000085900000, 0x0000000085900000| Untracked 
|  52|0x0000000085a00000, 0x0000000085a00000, 0x0000000085b00000|  0%| F|  |TAMS 0x0000000085a00000, 0x0000000085a00000| Untracked 
|  53|0x0000000085b00000, 0x0000000085b00000, 0x0000000085c00000|  0%| F|  |TAMS 0x0000000085b00000, 0x0000000085b00000| Untracked 
|  54|0x0000000085c00000, 0x0000000085c00000, 0x0000000085d00000|  0%| F|  |TAMS 0x0000000085c00000, 0x0000000085c00000| Untracked 
|  55|0x0000000085d00000, 0x0000000085d00000, 0x0000000085e00000|  0%| F|  |TAMS 0x0000000085d00000, 0x0000000085d00000| Untracked 
|  56|0x0000000085e00000, 0x0000000085e00000, 0x0000000085f00000|  0%| F|  |TAMS 0x0000000085e00000, 0x0000000085e00000| Untracked 
|  57|0x0000000085f00000, 0x0000000085f00000, 0x0000000086000000|  0%| F|  |TAMS 0x0000000085f00000, 0x0000000085f00000| Untracked 
|  58|0x0000000086000000, 0x0000000086000000, 0x0000000086100000|  0%| F|  |TAMS 0x0000000086000000, 0x0000000086000000| Untracked 
|  59|0x0000000086100000, 0x0000000086100000, 0x0000000086200000|  0%| F|  |TAMS 0x0000000086100000, 0x0000000086100000| Untracked 
|  60|0x0000000086200000, 0x0000000086200000, 0x0000000086300000|  0%| F|  |TAMS 0x0000000086200000, 0x0000000086200000| Untracked 
|  61|0x0000000086300000, 0x0000000086300000, 0x0000000086400000|  0%| F|  |TAMS 0x0000000086300000, 0x0000000086300000| Untracked 
|  62|0x0000000086400000, 0x0000000086400000, 0x0000000086500000|  0%| F|  |TAMS 0x0000000086400000, 0x0000000086400000| Untracked 
|  63|0x0000000086500000, 0x0000000086500000, 0x0000000086600000|  0%| F|  |TAMS 0x0000000086500000, 0x0000000086500000| Untracked 
|  64|0x0000000086600000, 0x0000000086600000, 0x0000000086700000|  0%| F|  |TAMS 0x0000000086600000, 0x0000000086600000| Untracked 
|  65|0x0000000086700000, 0x0000000086700000, 0x0000000086800000|  0%| F|  |TAMS 0x0000000086700000, 0x0000000086700000| Untracked 
|  66|0x0000000086800000, 0x0000000086800000, 0x0000000086900000|  0%| F|  |TAMS 0x0000000086800000, 0x0000000086800000| Untracked 
|  67|0x0000000086900000, 0x0000000086900000, 0x0000000086a00000|  0%| F|  |TAMS 0x0000000086900000, 0x0000000086900000| Untracked 
|  68|0x0000000086a00000, 0x0000000086a00000, 0x0000000086b00000|  0%| F|  |TAMS 0x0000000086a00000, 0x0000000086a00000| Untracked 
|  69|0x0000000086b00000, 0x0000000086b00000, 0x0000000086c00000|  0%| F|  |TAMS 0x0000000086b00000, 0x0000000086b00000| Untracked 
|  70|0x0000000086c00000, 0x0000000086d00000, 0x0000000086d00000|100%| S|CS|TAMS 0x0000000086c00000, 0x0000000086c00000| Complete 
|  71|0x0000000086d00000, 0x0000000086e00000, 0x0000000086e00000|100%| S|CS|TAMS 0x0000000086d00000, 0x0000000086d00000| Complete 
|  72|0x0000000086e00000, 0x0000000086f00000, 0x0000000086f00000|100%| S|CS|TAMS 0x0000000086e00000, 0x0000000086e00000| Complete 
|  73|0x0000000086f00000, 0x0000000087000000, 0x0000000087000000|100%| S|CS|TAMS 0x0000000086f00000, 0x0000000086f00000| Complete 
|  74|0x0000000087000000, 0x0000000087100000, 0x0000000087100000|100%| S|CS|TAMS 0x0000000087000000, 0x0000000087000000| Complete 
|  75|0x0000000087100000, 0x0000000087100000, 0x0000000087200000|  0%| F|  |TAMS 0x0000000087100000, 0x0000000087100000| Untracked 
|  76|0x0000000087200000, 0x0000000087200000, 0x0000000087300000|  0%| F|  |TAMS 0x0000000087200000, 0x0000000087200000| Untracked 
|  77|0x0000000087300000, 0x0000000087300000, 0x0000000087400000|  0%| F|  |TAMS 0x0000000087300000, 0x0000000087300000| Untracked 
|  78|0x0000000087400000, 0x0000000087400000, 0x0000000087500000|  0%| F|  |TAMS 0x0000000087400000, 0x0000000087400000| Untracked 
|  79|0x0000000087500000, 0x0000000087500000, 0x0000000087600000|  0%| F|  |TAMS 0x0000000087500000, 0x0000000087500000| Untracked 
|  80|0x0000000087600000, 0x0000000087600000, 0x0000000087700000|  0%| F|  |TAMS 0x0000000087600000, 0x0000000087600000| Untracked 
|  81|0x0000000087700000, 0x0000000087700000, 0x0000000087800000|  0%| F|  |TAMS 0x0000000087700000, 0x0000000087700000| Untracked 
|  82|0x0000000087800000, 0x0000000087800000, 0x0000000087900000|  0%| F|  |TAMS 0x0000000087800000, 0x0000000087800000| Untracked 
|  83|0x0000000087900000, 0x0000000087900000, 0x0000000087a00000|  0%| F|  |TAMS 0x0000000087900000, 0x0000000087900000| Untracked 
|  84|0x0000000087a00000, 0x0000000087a00000, 0x0000000087b00000|  0%| F|  |TAMS 0x0000000087a00000, 0x0000000087a00000| Untracked 
|  85|0x0000000087b00000, 0x0000000087b00000, 0x0000000087c00000|  0%| F|  |TAMS 0x0000000087b00000, 0x0000000087b00000| Untracked 
|  86|0x0000000087c00000, 0x0000000087c00000, 0x0000000087d00000|  0%| F|  |TAMS 0x0000000087c00000, 0x0000000087c00000| Untracked 
|  87|0x0000000087d00000, 0x0000000087d00000, 0x0000000087e00000|  0%| F|  |TAMS 0x0000000087d00000, 0x0000000087d00000| Untracked 
|  88|0x0000000087e00000, 0x0000000087e00000, 0x0000000087f00000|  0%| F|  |TAMS 0x0000000087e00000, 0x0000000087e00000| Untracked 
|  89|0x0000000087f00000, 0x0000000087f00000, 0x0000000088000000|  0%| F|  |TAMS 0x0000000087f00000, 0x0000000087f00000| Untracked 
|  90|0x0000000088000000, 0x0000000088000000, 0x0000000088100000|  0%| F|  |TAMS 0x0000000088000000, 0x0000000088000000| Untracked 
|  91|0x0000000088100000, 0x0000000088100000, 0x0000000088200000|  0%| F|  |TAMS 0x0000000088100000, 0x0000000088100000| Untracked 
|  92|0x0000000088200000, 0x0000000088200000, 0x0000000088300000|  0%| F|  |TAMS 0x0000000088200000, 0x0000000088200000| Untracked 
|  93|0x0000000088300000, 0x0000000088300000, 0x0000000088400000|  0%| F|  |TAMS 0x0000000088300000, 0x0000000088300000| Untracked 
|  94|0x0000000088400000, 0x0000000088400000, 0x0000000088500000|  0%| F|  |TAMS 0x0000000088400000, 0x0000000088400000| Untracked 
|  95|0x0000000088500000, 0x0000000088500000, 0x0000000088600000|  0%| F|  |TAMS 0x0000000088500000, 0x0000000088500000| Untracked 
|  96|0x0000000088600000, 0x0000000088600000, 0x0000000088700000|  0%| F|  |TAMS 0x0000000088600000, 0x0000000088600000| Untracked 
|  97|0x0000000088700000, 0x0000000088700000, 0x0000000088800000|  0%| F|  |TAMS 0x0000000088700000, 0x0000000088700000| Untracked 
|  98|0x0000000088800000, 0x0000000088800000, 0x0000000088900000|  0%| F|  |TAMS 0x0000000088800000, 0x0000000088800000| Untracked 
|  99|0x0000000088900000, 0x0000000088900000, 0x0000000088a00000|  0%| F|  |TAMS 0x0000000088900000, 0x0000000088900000| Untracked 
| 100|0x0000000088a00000, 0x0000000088a00000, 0x0000000088b00000|  0%| F|  |TAMS 0x0000000088a00000, 0x0000000088a00000| Untracked 
| 101|0x0000000088b00000, 0x0000000088b00000, 0x0000000088c00000|  0%| F|  |TAMS 0x0000000088b00000, 0x0000000088b00000| Untracked 
| 102|0x0000000088c00000, 0x0000000088c00000, 0x0000000088d00000|  0%| F|  |TAMS 0x0000000088c00000, 0x0000000088c00000| Untracked 
| 103|0x0000000088d00000, 0x0000000088d00000, 0x0000000088e00000|  0%| F|  |TAMS 0x0000000088d00000, 0x0000000088d00000| Untracked 
| 104|0x0000000088e00000, 0x0000000088e00000, 0x0000000088f00000|  0%| F|  |TAMS 0x0000000088e00000, 0x0000000088e00000| Untracked 
| 105|0x0000000088f00000, 0x0000000088f00000, 0x0000000089000000|  0%| F|  |TAMS 0x0000000088f00000, 0x0000000088f00000| Untracked 
| 106|0x0000000089000000, 0x0000000089000000, 0x0000000089100000|  0%| F|  |TAMS 0x0000000089000000, 0x0000000089000000| Untracked 
| 107|0x0000000089100000, 0x0000000089100000, 0x0000000089200000|  0%| F|  |TAMS 0x0000000089100000, 0x0000000089100000| Untracked 
| 108|0x0000000089200000, 0x0000000089200000, 0x0000000089300000|  0%| F|  |TAMS 0x0000000089200000, 0x0000000089200000| Untracked 
| 109|0x0000000089300000, 0x0000000089300000, 0x0000000089400000|  0%| F|  |TAMS 0x0000000089300000, 0x0000000089300000| Untracked 
| 110|0x0000000089400000, 0x0000000089400000, 0x0000000089500000|  0%| F|  |TAMS 0x0000000089400000, 0x0000000089400000| Untracked 
| 111|0x0000000089500000, 0x0000000089500000, 0x0000000089600000|  0%| F|  |TAMS 0x0000000089500000, 0x0000000089500000| Untracked 
| 112|0x0000000089600000, 0x0000000089600000, 0x0000000089700000|  0%| F|  |TAMS 0x0000000089600000, 0x0000000089600000| Untracked 
| 113|0x0000000089700000, 0x0000000089700000, 0x0000000089800000|  0%| F|  |TAMS 0x0000000089700000, 0x0000000089700000| Untracked 
| 114|0x0000000089800000, 0x0000000089800000, 0x0000000089900000|  0%| F|  |TAMS 0x0000000089800000, 0x0000000089800000| Untracked 
| 115|0x0000000089900000, 0x0000000089900000, 0x0000000089a00000|  0%| F|  |TAMS 0x0000000089900000, 0x0000000089900000| Untracked 
| 116|0x0000000089a00000, 0x0000000089a00000, 0x0000000089b00000|  0%| F|  |TAMS 0x0000000089a00000, 0x0000000089a00000| Untracked 
| 117|0x0000000089b00000, 0x0000000089b00000, 0x0000000089c00000|  0%| F|  |TAMS 0x0000000089b00000, 0x0000000089b00000| Untracked 
| 118|0x0000000089c00000, 0x0000000089c00000, 0x0000000089d00000|  0%| F|  |TAMS 0x0000000089c00000, 0x0000000089c00000| Untracked 
| 119|0x0000000089d00000, 0x0000000089d00000, 0x0000000089e00000|  0%| F|  |TAMS 0x0000000089d00000, 0x0000000089d00000| Untracked 
| 120|0x0000000089e00000, 0x0000000089e00000, 0x0000000089f00000|  0%| F|  |TAMS 0x0000000089e00000, 0x0000000089e00000| Untracked 
| 121|0x0000000089f00000, 0x0000000089f00000, 0x000000008a000000|  0%| F|  |TAMS 0x0000000089f00000, 0x0000000089f00000| Untracked 
| 122|0x000000008a000000, 0x000000008a000000, 0x000000008a100000|  0%| F|  |TAMS 0x000000008a000000, 0x000000008a000000| Untracked 
| 123|0x000000008a100000, 0x000000008a100000, 0x000000008a200000|  0%| F|  |TAMS 0x000000008a100000, 0x000000008a100000| Untracked 
| 124|0x000000008a200000, 0x000000008a200000, 0x000000008a300000|  0%| F|  |TAMS 0x000000008a200000, 0x000000008a200000| Untracked 
| 125|0x000000008a300000, 0x000000008a300000, 0x000000008a400000|  0%| F|  |TAMS 0x000000008a300000, 0x000000008a300000| Untracked 

Card table byte_map: [0x0000017094cb0000,0x00000170950a0000] _byte_map_base: 0x000001709489d000

Marking Bits (Prev, Next): (CMBitMap*) 0x00000170ff9843e8, (CMBitMap*) 0x00000170ff984420
 Prev Bits: [0x0000017095490000, 0x00000170973f8000)
 Next Bits: [0x0000017097400000, 0x0000017099368000)

Polling page: 0x0000017084e30000

Metaspace:

Usage:
  Non-class:     38.84 MB capacity,    38.59 MB (>99%) used,   186.20 KB ( <1%) free+waste,    64.94 KB ( <1%) overhead. 
      Class:      5.47 MB capacity,     5.28 MB ( 97%) used,   159.65 KB (  3%) free+waste,    28.88 KB ( <1%) overhead. 
       Both:     44.31 MB capacity,    43.88 MB (>99%) used,   345.84 KB ( <1%) free+waste,    93.81 KB ( <1%) overhead. 

Virtual space:
  Non-class space:       40.00 MB reserved,      39.08 MB ( 98%) committed 
      Class space:        1.00 GB reserved,       5.50 MB ( <1%) committed 
             Both:        1.04 GB reserved,      44.58 MB (  4%) committed 

Chunk freelists:
   Non-Class:  55.00 KB
       Class:  0 bytes
        Both:  55.00 KB

MaxMetaspaceSize: 17179869184.00 GB
CompressedClassSpaceSize: 1.00 GB

CodeHeap 'non-profiled nmethods': size=120000Kb used=1105Kb max_used=1105Kb free=118894Kb
 bounds [0x000001708c920000, 0x000001708cb90000, 0x0000017093e50000]
CodeHeap 'profiled nmethods': size=120000Kb used=5657Kb max_used=5657Kb free=114342Kb
 bounds [0x00000170853f0000, 0x0000017085980000, 0x000001708c920000]
CodeHeap 'non-nmethods': size=5760Kb used=1190Kb max_used=1221Kb free=4569Kb
 bounds [0x0000017084e50000, 0x00000170850c0000, 0x00000170853f0000]
 total_blobs=3422 nmethods=2873 adapters=460
 compilation: enabled
              stopped_count=0, restarted_count=0
 full_count=0

Compilation events (20 events):
Event: 6.381 Thread 0x000001709c6f3000 2877       3       org.jetbrains.kotlin.name.FqName::<init> (26 bytes)
Event: 6.381 Thread 0x000001709c6f3000 nmethod 2877 0x0000017085971d10 code [0x0000017085971f00, 0x0000017085972398]
Event: 6.381 Thread 0x000001709c6f3000 2878       3       org.jetbrains.kotlin.name.FqNameUnsafe::<init> (31 bytes)
Event: 6.382 Thread 0x000001709c6f3000 nmethod 2878 0x0000017085972510 code [0x00000170859726e0, 0x00000170859729f8]
Event: 6.391 Thread 0x000001709c6f3000 2879       3       org.jetbrains.org.objectweb.asm.ClassReader::readUnsignedShort (26 bytes)
Event: 6.391 Thread 0x000001709c6f3000 nmethod 2879 0x0000017085972b10 code [0x0000017085972cc0, 0x0000017085972e18]
Event: 6.397 Thread 0x000001709c6f3000 2880       3       org.jetbrains.org.objectweb.asm.ClassReader::readUtf (161 bytes)
Event: 6.398 Thread 0x000001709c6f3000 nmethod 2880 0x0000017085972f10 code [0x0000017085973120, 0x00000170859736b8]
Event: 6.398 Thread 0x000001709c6f3000 2881       3       org.jetbrains.org.objectweb.asm.ClassReader::readInt (52 bytes)
Event: 6.398 Thread 0x000001709c6f3000 nmethod 2881 0x0000017085973a10 code [0x0000017085973bc0, 0x0000017085973d98]
Event: 6.399 Thread 0x000001709c6f3000 2882       3       org.jetbrains.org.objectweb.asm.ClassReader::readUTF8 (23 bytes)
Event: 6.400 Thread 0x000001709c6f3000 nmethod 2882 0x0000017085973f10 code [0x00000170859740e0, 0x0000017085974368]
Event: 6.405 Thread 0x000001709c6f3000 2883       3       java.text.StringCharacterIterator::current (37 bytes)
Event: 6.406 Thread 0x000001709c6f3000 nmethod 2883 0x0000017085974490 code [0x00000170859746a0, 0x0000017085974cf8]
Event: 6.417 Thread 0x000001709c6f3000 2885       3       java.text.StringCharacterIterator::next (46 bytes)
Event: 6.418 Thread 0x000001709c6f3000 nmethod 2885 0x0000017085974f90 code [0x00000170859751a0, 0x0000017085975798]
Event: 6.419 Thread 0x000001709c6f3000 2886       3       org.jetbrains.org.objectweb.asm.ClassReader::readUtf (44 bytes)
Event: 6.419 Thread 0x000001709c6f3000 nmethod 2886 0x0000017085975a10 code [0x0000017085975c00, 0x0000017085976048]
Event: 6.420 Thread 0x000001709c6f3000 2888       3       org.jetbrains.kotlin.load.java.structure.impl.classFiles.CommonMixinsKt::isSet (12 bytes)
Event: 6.420 Thread 0x000001709c6f3000 nmethod 2888 0x0000017085976290 code [0x0000017085976440, 0x0000017085976578]

GC Heap History (9 events):
Event: 0.886 GC heap before
{Heap before GC invocations=0 (full 0):
 garbage-first heap   total 129024K, used 27648K [0x0000000082600000, 0x0000000100000000)
  region size 1024K, 24 young (24576K), 0 survivors (0K)
 Metaspace       used 12401K, capacity 12568K, committed 12800K, reserved 1060864K
  class space    used 1171K, capacity 1207K, committed 1280K, reserved 1048576K
}
Event: 0.893 GC heap after
{Heap after GC invocations=1 (full 0):
 garbage-first heap   total 129024K, used 5799K [0x0000000082600000, 0x0000000100000000)
  region size 1024K, 3 young (3072K), 3 survivors (3072K)
 Metaspace       used 12401K, capacity 12568K, committed 12800K, reserved 1060864K
  class space    used 1171K, capacity 1207K, committed 1280K, reserved 1048576K
}
Event: 2.047 GC heap before
{Heap before GC invocations=1 (full 0):
 garbage-first heap   total 129024K, used 40615K [0x0000000082600000, 0x0000000100000000)
  region size 1024K, 38 young (38912K), 3 survivors (3072K)
 Metaspace       used 20865K, capacity 21086K, committed 21296K, reserved 1069056K
  class space    used 2220K, capacity 2312K, committed 2432K, reserved 1048576K
}
Event: 2.063 GC heap after
{Heap after GC invocations=2 (full 0):
 garbage-first heap   total 129024K, used 9328K [0x0000000082600000, 0x0000000100000000)
  region size 1024K, 7 young (7168K), 7 survivors (7168K)
 Metaspace       used 20865K, capacity 21086K, committed 21296K, reserved 1069056K
  class space    used 2220K, capacity 2312K, committed 2432K, reserved 1048576K
}
Event: 5.064 GC heap before
{Heap before GC invocations=3 (full 0):
 garbage-first heap   total 129024K, used 62576K [0x0000000082600000, 0x0000000100000000)
  region size 1024K, 54 young (55296K), 7 survivors (7168K)
 Metaspace       used 32619K, capacity 33080K, committed 33200K, reserved 1079296K
  class space    used 4094K, capacity 4278K, committed 4352K, reserved 1048576K
}
Event: 5.090 GC heap after
{Heap after GC invocations=4 (full 0):
 garbage-first heap   total 129024K, used 20134K [0x0000000082600000, 0x0000000100000000)
  region size 1024K, 7 young (7168K), 7 survivors (7168K)
 Metaspace       used 32619K, capacity 33080K, committed 33200K, reserved 1079296K
  class space    used 4094K, capacity 4278K, committed 4352K, reserved 1048576K
}
Event: 5.397 GC heap before
{Heap before GC invocations=4 (full 0):
 garbage-first heap   total 129024K, used 32422K [0x0000000082600000, 0x0000000100000000)
  region size 1024K, 20 young (20480K), 7 survivors (7168K)
 Metaspace       used 35427K, capacity 35843K, committed 35920K, reserved 1081344K
  class space    used 4406K, capacity 4602K, committed 4608K, reserved 1048576K
}
Event: 5.416 GC heap after
{Heap after GC invocations=5 (full 0):
 garbage-first heap   total 129024K, used 22360K [0x0000000082600000, 0x0000000100000000)
  region size 1024K, 7 young (7168K), 7 survivors (7168K)
 Metaspace       used 35427K, capacity 35843K, committed 35920K, reserved 1081344K
  class space    used 4406K, capacity 4602K, committed 4608K, reserved 1048576K
}
Event: 6.426 GC heap before
{Heap before GC invocations=6 (full 0):
 garbage-first heap   total 129024K, used 67416K [0x0000000082600000, 0x0000000100000000)
  region size 1024K, 51 young (52224K), 7 survivors (7168K)
 Metaspace       used 44929K, capacity 45369K, committed 45648K, reserved 1089536K
  class space    used 5411K, capacity 5600K, committed 5632K, reserved 1048576K
}

Deoptimization events (20 events):
Event: 6.084 Thread 0x00000170ff945000 Uncommon trap: trap_request=0xffffff4d fr.pc=0x000001708c9e0f14 relative=0x00000000000001f4
Event: 6.084 Thread 0x00000170ff945000 Uncommon trap: reason=unstable_if action=reinterpret pc=0x000001708c9e0f14 method=java.lang.String.indexOf(II)I @ 4 c2
Event: 6.084 Thread 0x00000170ff945000 DEOPT PACKING pc=0x000001708c9e0f14 sp=0x0000004a009f5880
Event: 6.084 Thread 0x00000170ff945000 DEOPT UNPACKING pc=0x0000017084e7662f sp=0x0000004a009f5830 mode 2
Event: 6.084 Thread 0x00000170ff945000 Uncommon trap: trap_request=0xffffff4d fr.pc=0x000001708c9df4b0 relative=0x0000000000000190
Event: 6.084 Thread 0x00000170ff945000 Uncommon trap: reason=unstable_if action=reinterpret pc=0x000001708c9df4b0 method=java.lang.String.startsWith(Ljava/lang/String;I)Z @ 46 c2
Event: 6.084 Thread 0x00000170ff945000 DEOPT PACKING pc=0x000001708c9df4b0 sp=0x0000004a009f5980
Event: 6.084 Thread 0x00000170ff945000 DEOPT UNPACKING pc=0x0000017084e7662f sp=0x0000004a009f58e8 mode 2
Event: 6.162 Thread 0x00000170ff945000 Uncommon trap: trap_request=0xffffffcc fr.pc=0x000001708ca29d84 relative=0x00000000000002c4
Event: 6.162 Thread 0x00000170ff945000 Uncommon trap: reason=intrinsic_or_type_checked_inlining action=make_not_entrant pc=0x000001708ca29d84 method=java.util.Arrays.copyOf([Ljava/lang/Object;ILjava/lang/Class;)[Ljava/lang/Object; @ 35 c2
Event: 6.162 Thread 0x00000170ff945000 DEOPT PACKING pc=0x000001708ca29d84 sp=0x0000004a009fca80
Event: 6.162 Thread 0x00000170ff945000 DEOPT UNPACKING pc=0x0000017084e7662f sp=0x0000004a009fca10 mode 2
Event: 6.323 Thread 0x00000170ff945000 Uncommon trap: trap_request=0xffffff4d fr.pc=0x000001708ca13e5c relative=0x000000000000011c
Event: 6.323 Thread 0x00000170ff945000 Uncommon trap: reason=unstable_if action=reinterpret pc=0x000001708ca13e5c method=java.util.Arrays.hashCode([Ljava/lang/Object;)I @ 34 c2
Event: 6.323 Thread 0x00000170ff945000 DEOPT PACKING pc=0x000001708ca13e5c sp=0x0000004a009faee0
Event: 6.323 Thread 0x00000170ff945000 DEOPT UNPACKING pc=0x0000017084e7662f sp=0x0000004a009fae58 mode 2
Event: 6.379 Thread 0x00000170ff945000 Uncommon trap: trap_request=0xffffffc6 fr.pc=0x000001708c9de524 relative=0x0000000000001404
Event: 6.379 Thread 0x00000170ff945000 Uncommon trap: reason=bimorphic_or_optimized_type_check action=maybe_recompile pc=0x000001708c9de524 method=java.util.zip.ZipFile.getZipEntry(Ljava/lang/String;[BILjava/util/function/Function;)Ljava/util/zip/ZipEntry; @ 108 c2
Event: 6.379 Thread 0x00000170ff945000 DEOPT PACKING pc=0x000001708c9de524 sp=0x0000004a009fb560
Event: 6.379 Thread 0x00000170ff945000 DEOPT UNPACKING pc=0x0000017084e7662f sp=0x0000004a009fb518 mode 2

Classes redefined (0 events):
No events

Internal exceptions (20 events):
Event: 2.710 Thread 0x00000170ff945000 Exception <a 'java/lang/NoSuchMethodError'{0x00000000896fc358}: 'java.lang.Object java.lang.invoke.DirectMethodHandle$Holder.invokeStatic(java.lang.Object, java.lang.Object, java.lang.Object, java.lang.Object, java.lang.Object, java.lang.Object, java.lang.Object, java.lang.Object, java.lang.Object, java.lang.Object, java.lang.Object, java.lang.Object, java.lang.Object, java.lang.Object, java.lang.Object)'> (0x00000000896fc358) thrown at [./src/hotspot/share/interpreter/linkResolver.cpp, line 773]
Event: 2.782 Thread 0x00000170ff945000 Exception <a 'java/lang/NoSuchMethodError'{0x000000008950a7f0}: 'java.lang.Object java.lang.invoke.DirectMethodHandle$Holder.invokeStatic(java.lang.Object, java.lang.Object, java.lang.Object, java.lang.Object, java.lang.Object, java.lang.Object, java.lang.Object, java.lang.Object, java.lang.Object, java.lang.Object, java.lang.Object, java.lang.Object, java.lang.Object, java.lang.Object, java.lang.Object, java.lang.Object)'> (0x000000008950a7f0) thrown at [./src/hotspot/share/interpreter/linkResolver.cpp, l
Event: 2.787 Thread 0x00000170ff945000 Exception <a 'java/lang/NoSuchMethodError'{0x0000000089518708}: 'java.lang.Object java.lang.invoke.DirectMethodHandle$Holder.invokeSpecial(java.lang.Object, java.lang.Object, int, int, java.lang.Object, java.lang.Object, java.lang.Object)'> (0x0000000089518708) thrown at [./src/hotspot/share/interpreter/linkResolver.cpp, line 773]
Event: 2.798 Thread 0x00000170ff945000 Exception <a 'java/lang/NoSuchMethodError'{0x000000008951bf40}: 'java.lang.Object java.lang.invoke.DelegatingMethodHandle$Holder.reinvoke_L(java.lang.Object, int, int, java.lang.Object, java.lang.Object, java.lang.Object)'> (0x000000008951bf40) thrown at [./src/hotspot/share/interpreter/linkResolver.cpp, line 773]
Event: 2.817 Thread 0x00000170ff945000 Exception <a 'java/lang/NoSuchMethodError'{0x00000000895202c8}: 'java.lang.Object java.lang.invoke.DirectMethodHandle$Holder.invokeStatic(java.lang.Object, java.lang.Object, java.lang.Object, java.lang.Object, int)'> (0x00000000895202c8) thrown at [./src/hotspot/share/interpreter/linkResolver.cpp, line 773]
Event: 3.071 Thread 0x00000170ff945000 Exception <a 'sun/nio/fs/WindowsException'{0x000000008945f810}> (0x000000008945f810) thrown at [./src/hotspot/share/prims/jni.cpp, line 615]
Event: 3.071 Thread 0x00000170ff945000 Exception <a 'sun/nio/fs/WindowsException'{0x000000008945ffe8}> (0x000000008945ffe8) thrown at [./src/hotspot/share/prims/jni.cpp, line 615]
Event: 3.072 Thread 0x00000170ff945000 Exception <a 'sun/nio/fs/WindowsException'{0x00000000894607d0}> (0x00000000894607d0) thrown at [./src/hotspot/share/prims/jni.cpp, line 615]
Event: 3.072 Thread 0x00000170ff945000 Exception <a 'sun/nio/fs/WindowsException'{0x00000000894610e8}> (0x00000000894610e8) thrown at [./src/hotspot/share/prims/jni.cpp, line 615]
Event: 3.072 Thread 0x00000170ff945000 Exception <a 'sun/nio/fs/WindowsException'{0x0000000089461900}> (0x0000000089461900) thrown at [./src/hotspot/share/prims/jni.cpp, line 615]
Event: 3.072 Thread 0x00000170ff945000 Exception <a 'sun/nio/fs/WindowsException'{0x0000000089462148}> (0x0000000089462148) thrown at [./src/hotspot/share/prims/jni.cpp, line 615]
Event: 3.074 Thread 0x00000170ff945000 Exception <a 'java/lang/NoSuchMethodError'{0x0000000089468958}: 'void java.lang.invoke.DirectMethodHandle$Holder.invokeStatic(java.lang.Object, java.lang.Object, java.lang.Object, java.lang.Object)'> (0x0000000089468958) thrown at [./src/hotspot/share/interpreter/linkResolver.cpp, line 773]
Event: 3.200 Thread 0x00000170ff945000 Exception <a 'java/lang/NoSuchMethodError'{0x0000000089048750}: 'void java.lang.invoke.DirectMethodHandle$Holder.invokeStaticInit(java.lang.Object, java.lang.Object)'> (0x0000000089048750) thrown at [./src/hotspot/share/interpreter/linkResolver.cpp, line 773]
Event: 3.345 Thread 0x00000170ff945000 Exception <a 'java/lang/NoSuchMethodError'{0x0000000088c64018}: 'void java.lang.invoke.DirectMethodHandle$Holder.invokeVirtual(java.lang.Object, java.lang.Object)'> (0x0000000088c64018) thrown at [./src/hotspot/share/interpreter/linkResolver.cpp, line 773]
Event: 3.386 Thread 0x00000170ff945000 Exception <a 'java/lang/NoSuchMethodError'{0x0000000088ce2368}: 'int java.lang.invoke.DirectMethodHandle$Holder.invokeVirtual(java.lang.Object, java.lang.Object)'> (0x0000000088ce2368) thrown at [./src/hotspot/share/interpreter/linkResolver.cpp, line 773]
Event: 5.316 Thread 0x00000170ff945000 Exception <a 'java/lang/NoSuchMethodError'{0x0000000089bd9d18}: 'java.lang.Object java.lang.invoke.DirectMethodHandle$Holder.invokeVirtual(java.lang.Object, java.lang.Object, java.lang.Object)'> (0x0000000089bd9d18) thrown at [./src/hotspot/share/interpreter/linkResolver.cpp, line 773]
Event: 6.256 Thread 0x00000170ff945000 Exception <a 'java/lang/NoSuchMethodError'{0x0000000087613660}: 'java.lang.Object java.lang.invoke.DirectMethodHandle$Holder.invokeStatic(java.lang.Object, java.lang.Object, java.lang.Object, int)'> (0x0000000087613660) thrown at [./src/hotspot/share/interpreter/linkResolver.cpp, line 773]
Event: 6.256 Thread 0x00000170ff945000 Exception <a 'java/lang/NoSuchMethodError'{0x00000000876172d0}: 'java.lang.Object java.lang.invoke.DirectMethodHandle$Holder.invokeSpecial(java.lang.Object, java.lang.Object, java.lang.Object, java.lang.Object, int)'> (0x00000000876172d0) thrown at [./src/hotspot/share/interpreter/linkResolver.cpp, line 773]
Event: 6.256 Thread 0x00000170ff945000 Exception <a 'java/lang/NoSuchMethodError'{0x000000008761a5e0}: 'java.lang.Object java.lang.invoke.Invokers$Holder.linkToTargetMethod(java.lang.Object, java.lang.Object, int, java.lang.Object)'> (0x000000008761a5e0) thrown at [./src/hotspot/share/interpreter/linkResolver.cpp, line 773]
Event: 6.323 Thread 0x00000170ff945000 Implicit null exception at 0x000001708ca13d75 to 0x000001708ca13e40

Events (20 events):
Event: 6.422 loading class org/jetbrains/kotlin/load/java/lazy/LazyJavaTypeParameterResolver done
Event: 6.422 loading class org/jetbrains/kotlin/load/java/lazy/LazyJavaTypeParameterResolver$resolve$1
Event: 6.422 loading class org/jetbrains/kotlin/load/java/lazy/LazyJavaTypeParameterResolver$resolve$1 done
Event: 6.423 loading class org/jetbrains/kotlin/load/java/structure/impl/JavaClassImpl
Event: 6.423 loading class org/jetbrains/kotlin/load/java/structure/impl/JavaClassImpl done
Event: 6.423 loading class org/jetbrains/kotlin/load/java/structure/impl/JavaAnnotationOwnerImpl
Event: 6.423 loading class org/jetbrains/kotlin/load/java/structure/impl/JavaAnnotationOwnerImpl done
Event: 6.423 loading class org/jetbrains/kotlin/load/java/structure/impl/JavaModifierListOwnerImpl
Event: 6.423 loading class org/jetbrains/kotlin/load/java/structure/impl/JavaModifierListOwnerImpl done
Event: 6.424 loading class org/jetbrains/kotlin/load/java/structure/impl/JavaClassifierImpl
Event: 6.424 loading class org/jetbrains/kotlin/load/java/structure/impl/JavaClassifierImpl done
Event: 6.424 loading class org/jetbrains/kotlin/load/java/lazy/descriptors/LazyJavaClassDescriptor$moduleAnnotations$2
Event: 6.424 loading class org/jetbrains/kotlin/load/java/lazy/descriptors/LazyJavaClassDescriptor$moduleAnnotations$2 done
Event: 6.424 loading class org/jetbrains/kotlin/load/java/lazy/descriptors/LazyJavaClassDescriptor$LazyJavaClassTypeConstructor
Event: 6.424 loading class org/jetbrains/kotlin/load/java/lazy/descriptors/LazyJavaClassDescriptor$LazyJavaClassTypeConstructor done
Event: 6.425 loading class org/jetbrains/kotlin/load/java/lazy/descriptors/LazyJavaClassDescriptor$LazyJavaClassTypeConstructor$parameters$1
Event: 6.425 loading class org/jetbrains/kotlin/load/java/lazy/descriptors/LazyJavaClassDescriptor$LazyJavaClassTypeConstructor$parameters$1 done
Event: 6.426 loading class org/jetbrains/kotlin/load/java/lazy/descriptors/LazyJavaClassMemberScope
Event: 6.426 loading class org/jetbrains/kotlin/load/java/lazy/descriptors/LazyJavaClassMemberScope done
Event: 6.426 Executing VM operation: G1CollectForAllocation


Dynamic libraries:
0x00007ff6f9fe0000 - 0x00007ff6f9fea000 	C:\Program Files\Android\Android Studio\jre\bin\java.exe
0x00007ffa39b70000 - 0x00007ffa39d5d000 	C:\Windows\SYSTEM32\ntdll.dll
0x00007ffa06d80000 - 0x00007ffa06d96000 	C:\Program Files\Avast Software\Avast\aswhook.dll
0x00007ffa38270000 - 0x00007ffa38323000 	C:\Windows\System32\KERNEL32.DLL
0x00007ffa360b0000 - 0x00007ffa36345000 	C:\Windows\System32\KERNELBASE.dll
0x00007ffa36b20000 - 0x00007ffa36c1a000 	C:\Windows\System32\ucrtbase.dll
0x00007ffa30a00000 - 0x00007ffa30a19000 	C:\Program Files\Android\Android Studio\jre\bin\jli.dll
0x00007ffa30aa0000 - 0x00007ffa30ab7000 	C:\Program Files\Android\Android Studio\jre\bin\VCRUNTIME140.dll
0x00007ffa37970000 - 0x00007ffa37b07000 	C:\Windows\System32\USER32.dll
0x00007ffa36da0000 - 0x00007ffa36dc0000 	C:\Windows\System32\win32u.dll
0x00007ffa36e70000 - 0x00007ffa36e99000 	C:\Windows\System32\GDI32.dll
0x00007ffa1d810000 - 0x00007ffa1da89000 	C:\Windows\WinSxS\amd64_microsoft.windows.common-controls_6595b64144ccf1df_6.0.17763.1339_none_de7015e4534c7114\COMCTL32.dll
0x00007ffa35e60000 - 0x00007ffa35ffb000 	C:\Windows\System32\gdi32full.dll
0x00007ffa36c20000 - 0x00007ffa36cc0000 	C:\Windows\System32\msvcp_win.dll
0x00007ffa36dd0000 - 0x00007ffa36e6e000 	C:\Windows\System32\msvcrt.dll
0x00007ffa37e60000 - 0x00007ffa3818c000 	C:\Windows\System32\combase.dll
0x00007ffa37840000 - 0x00007ffa37962000 	C:\Windows\System32\RPCRT4.dll
0x00007ffa36d20000 - 0x00007ffa36d9e000 	C:\Windows\System32\bcryptPrimitives.dll
0x00007ffa38240000 - 0x00007ffa3826e000 	C:\Windows\System32\IMM32.DLL
0x00007ffa11400000 - 0x00007ffa1149d000 	C:\Program Files\Android\Android Studio\jre\bin\msvcp140.dll
0x00007ff9f6c00000 - 0x00007ff9f76d5000 	C:\Program Files\Android\Android Studio\jre\bin\server\jvm.dll
0x00007ffa38190000 - 0x00007ffa38233000 	C:\Windows\System32\ADVAPI32.dll
0x00007ffa37b10000 - 0x00007ffa37bae000 	C:\Windows\System32\sechost.dll
0x00007ffa37df0000 - 0x00007ffa37df8000 	C:\Windows\System32\PSAPI.DLL
0x00007ffa22100000 - 0x00007ffa22109000 	C:\Windows\SYSTEM32\WSOCK32.dll
0x00007ffa33800000 - 0x00007ffa33824000 	C:\Windows\SYSTEM32\WINMM.dll
0x00007ffa28b70000 - 0x00007ffa28b7a000 	C:\Windows\SYSTEM32\VERSION.dll
0x00007ffa38330000 - 0x00007ffa3839d000 	C:\Windows\System32\WS2_32.dll
0x00007ffa33380000 - 0x00007ffa333ad000 	C:\Windows\SYSTEM32\winmmbase.dll
0x00007ffa36ab0000 - 0x00007ffa36afa000 	C:\Windows\System32\cfgmgr32.dll
0x00007ffa35b80000 - 0x00007ffa35b91000 	C:\Windows\System32\kernel.appcore.dll
0x00007ffa2a230000 - 0x00007ffa2a241000 	C:\Program Files\Android\Android Studio\jre\bin\verify.dll
0x00007ffa343b0000 - 0x00007ffa3459d000 	C:\Windows\SYSTEM32\DBGHELP.DLL
0x00007ffa28950000 - 0x00007ffa2897a000 	C:\Windows\SYSTEM32\dbgcore.DLL
0x00007ffa2a200000 - 0x00007ffa2a229000 	C:\Program Files\Android\Android Studio\jre\bin\java.dll
0x00007ffa2a1f0000 - 0x00007ffa2a1fb000 	C:\Program Files\Android\Android Studio\jre\bin\jimage.dll
0x00007ffa2a1d0000 - 0x00007ffa2a1e8000 	C:\Program Files\Android\Android Studio\jre\bin\zip.dll
0x00007ffa385f0000 - 0x00007ffa39ae8000 	C:\Windows\System32\SHELL32.dll
0x00007ffa37770000 - 0x00007ffa37819000 	C:\Windows\System32\shcore.dll
0x00007ffa36350000 - 0x00007ffa36aa4000 	C:\Windows\System32\windows.storage.dll
0x00007ffa35bc0000 - 0x00007ffa35be4000 	C:\Windows\System32\profapi.dll
0x00007ffa35bf0000 - 0x00007ffa35c4d000 	C:\Windows\System32\powrprof.dll
0x00007ffa383a0000 - 0x00007ffa383f2000 	C:\Windows\System32\shlwapi.dll
0x00007ffa36b00000 - 0x00007ffa36b17000 	C:\Windows\System32\cryptsp.dll
0x00007ffa2a1b0000 - 0x00007ffa2a1ca000 	C:\Program Files\Android\Android Studio\jre\bin\net.dll
0x00007ffa2d710000 - 0x00007ffa2d802000 	C:\Windows\SYSTEM32\WINHTTP.dll
0x00007ffa35380000 - 0x00007ffa353e7000 	C:\Windows\system32\mswsock.dll
0x00007ffa29930000 - 0x00007ffa29944000 	C:\Program Files\Android\Android Studio\jre\bin\nio.dll

dbghelp: loaded successfully - version: 4.0.5 - missing functions: none
symbol engine: initialized successfully - sym options: 0x614 - pdb path: .;C:\Program Files\Android\Android Studio\jre\bin;C:\Windows\SYSTEM32;C:\Program Files\Avast Software\Avast;C:\Windows\WinSxS\amd64_microsoft.windows.common-controls_6595b64144ccf1df_6.0.17763.1339_none_de7015e4534c7114;C:\Program Files\Android\Android Studio\jre\bin\server

VM Arguments:
java_command: org.jetbrains.kotlin.cli.jvm.K2JVMCompiler @C:\Users\Julia\AndroidStudioProjects\AndroidLabs\lab2continuewatch\build\20220412_7120402297064076617.compiler.options
java_class_path (initial): C:\Users\Julia\.gradle\caches\modules-2\files-2.1\org.jetbrains.kotlin\kotlin-compiler-embeddable\1.6.20\18f66cca4301c12893ebe4ef47d65c3d9d2bff9b\kotlin-compiler-embeddable-1.6.20.jar;C:\Users\Julia\.gradle\caches\modules-2\files-2.1\org.jetbrains.kotlin\kotlin-reflect\1.6.20\669965154723f1a712e8677af0cc5470dfdab81c\kotlin-reflect-1.6.20.jar;C:\Users\Julia\.gradle\caches\modules-2\files-2.1\org.jetbrains.kotlin\kotlin-stdlib\1.6.20\6cedc143badbb4f1c6b7f5a340b04edff1743208\kotlin-stdlib-1.6.20.jar;C:\Users\Julia\.gradle\caches\modules-2\files-2.1\org.jetbrains.kotlin\kotlin-script-runtime\1.6.20\a115c367e0fd9c8909293b208689afca0c88a6f1\kotlin-script-runtime-1.6.20.jar;C:\Users\Julia\.gradle\caches\modules-2\files-2.1\org.jetbrains.kotlin\kotlin-daemon-embeddable\1.6.20\d4cac343029f48f106c57f457384771165d7deb5\kotlin-daemon-embeddable-1.6.20.jar;C:\Users\Julia\.gradle\caches\modules-2\files-2.1\org.jetbrains.intellij.deps\trove4j\1.0.20200330\3afb14d5f9ceb459d724e907a21145e8ff394f02\trove4j-1.0.20200330.jar;C:\Users\Julia\.gradle\caches\modules-2\files-2.1\net.java.dev.jna\jna\5.6.0\330f2244e9030119ab3030fc3fededc86713d9cc\jna-5.6.0.jar;C:\Users\Julia\.gradle\caches\modules-2\files-2.1\org.jetbrains.kotlin\kotlin-stdlib-common\1.6.20\27b4562b6713d70f458c6d7ea39aadacb8e6a92b\kotlin-stdlib-common-1.6.20.jar;C:\Users\Julia\.gradle\caches\modules-2\files-2.1\org.jetbrains\annotations\13.0\919f0dfe192fb4e063e7dacadee7f8bb9a2672a9\annotations-13.0.jar
Launcher Type: SUN_STANDARD

[Global flags]
     intx CICompilerCount                          = 4                                         {product} {ergonomic}
     uint ConcGCThreads                            = 2                                         {product} {ergonomic}
     uint G1ConcRefinementThreads                  = 8                                         {product} {ergonomic}
   size_t G1HeapRegionSize                         = 1048576                                   {product} {ergonomic}
    uintx GCDrainStackTargetSize                   = 64                                        {product} {ergonomic}
   size_t InitialHeapSize                          = 132120576                                 {product} {ergonomic}
   size_t MarkStackSize                            = 4194304                                   {product} {ergonomic}
   size_t MaxHeapSize                              = 2107637760                                {product} {ergonomic}
   size_t MaxNewSize                               = 1264582656                                {product} {ergonomic}
   size_t MinHeapDeltaBytes                        = 1048576                                   {product} {ergonomic}
    uintx NonNMethodCodeHeapSize                   = 5836300                                {pd product} {ergonomic}
    uintx NonProfiledCodeHeapSize                  = 122910970                              {pd product} {ergonomic}
    uintx ProfiledCodeHeapSize                     = 122910970                              {pd product} {ergonomic}
    uintx ReservedCodeCacheSize                    = 251658240                              {pd product} {ergonomic}
     bool SegmentedCodeCache                       = true                                      {product} {ergonomic}
     bool UseCompressedClassPointers               = true                                 {lp64_product} {ergonomic}
     bool UseCompressedOops                        = true                                 {lp64_product} {ergonomic}
     bool UseG1GC                                  = true                                      {product} {ergonomic}
     bool UseLargePagesIndividualAllocation        = false                                  {pd product} {ergonomic}

Logging:
Log output configuration:
 #0: stdout all=warning uptime,level,tags
 #1: stderr all=off uptime,level,tags

Environment Variables:
PATH=C:\Program Files\NVIDIA GPU Computing Toolkit\CUDA\v11.6\bin;C:\Program Files\NVIDIA GPU Computing Toolkit\CUDA\v11.6\libnvvp;C:\Program Files (x86)\Common Files\Oracle\Java\javapath;C:\Windows\system32;C:\Windows;C:\Windows\System32\Wbem;C:\Windows\System32\WindowsPowerShell\v1.0\;C:\Program Files\Git\cmd;C:\Program Files\MATLAB\R2016b\runtime\win64;C:\Program Files\MATLAB\R2016b\bin;C:\Program Files\MATLAB\R2016b\polyspace\bin;C:\Program Files\NVIDIA Corporation\Nsight Compute 2022.1.1\;C:\Program Files (x86)\NVIDIA Corporation\PhysX\Common;C:\Users\Julia\AppData\Local\Microsoft\WindowsApps;;C:\intelFPGA\16.1\modelsim_ase\win32aloem;C:\intelFPGA_lite\16.1\modelsim_ase\win32aloem;C:\Program Files\JetBrains\IntelliJ IDEA Community Edition 2021.3.1\bin;;C:\Program Files\JetBrains\PyCharm Community Edition 2021.3.2\bin;;C:\Users\Julia\AppData\Local\Programs\Microsoft VS Code\bin
USERNAME=Julia
OS=Windows_NT
PROCESSOR_IDENTIFIER=Intel64 Family 6 Model 142 Stepping 11, GenuineIntel



---------------  S Y S T E M  ---------------

OS: Windows 10 , 64 bit Build 17763 (10.0.17763.1339)
OS uptime: 0 days 0:24 hours

CPU:total 8 (initial active 8) (4 cores per cpu, 2 threads per core) family 6 model 142 stepping 11 microcode 0xb8, cmov, cx8, fxsr, mmx, sse, sse2, sse3, ssse3, sse4.1, sse4.2, popcnt, avx, avx2, aes, clmul, erms, 3dnowpref, lzcnt, ht, tsc, tscinvbit, bmi1, bmi2, adx, fma

Memory: 4k page, system-wide physical 8037M (154M free)
TotalPageFile size 10085M (AvailPageFile size 18M)
current process WorkingSet (physical memory assigned to process): 207M, peak: 207M
current process commit charge ("private bytes"): 291M, peak: 316M

vm_info: OpenJDK 64-Bit Server VM (11.0.11+9-b60-7590822) for windows-amd64 JRE (11.0.11+9-b60-7590822), built on Jul 29 2021 21:43:44 by "builder" with MS VC++ 14.0 (VS2015)

END.
